#
# There is insufficient memory for the Java Runtime Environment to continue.
# Native memory allocation (mmap) failed to map 266338304 bytes. Error detail: G1 virtual space
# Possible reasons:
#   The system is out of physical RAM or swap space
#   This process is running with CompressedOops enabled, and the Java Heap may be blocking the growth of the native heap
# Possible solutions:
#   Reduce memory load on the system
#   Increase physical memory or swap space
#   Check if swap backing store is full
#   Decrease Java heap size (-Xmx/-Xms)
#   Decrease number of Java threads
#   Decrease Java thread stack sizes (-Xss)
#   Set larger code cache with -XX:ReservedCodeCacheSize=
#   JVM is running with Zero Based Compressed Oops mode in which the Java heap is
#     placed in the first 32GB address space. The Java Heap base address is the
#     maximum limit for the native heap growth. Please use -XX:HeapBaseMinAddress
#     to set the Java Heap base and to place the Java Heap above 32GB virtual address.
# This output file may be truncated or incomplete.
#
#  Out of Memory Error (os_windows.cpp:3898), pid=6636, tid=36456
#
# JRE version:  (21.0.6) (build )
# Java VM: OpenJDK 64-Bit Server VM (21.0.6+-13391695-b895.109, mixed mode, sharing, tiered, compressed oops, compressed class ptrs, g1 gc, windows-amd64)
# No core dump will be written. Minidumps are not enabled by default on client versions of Windows
#

---------------  S U M M A R Y ------------

Command Line: org.jetbrains.kotlin.cli.jvm.K2JVMCompiler @D:\NewsApp2\app\build\20251014_6967968400105971954.compiler.options

Host: AMD Ryzen 5 4600H with Radeon Graphics         , 12 cores, 15G,  Windows 11 , 64 bit Build 26100 (10.0.26100.3912)
Time: Tue Oct 14 18:34:43 2025 Egypt Daylight Time elapsed time: 0.013615 seconds (0d 0h 0m 0s)

---------------  T H R E A D  ---------------

Current thread (0x00000196beefe680):  JavaThread "Unknown thread" [_thread_in_vm, id=36456, stack(0x0000008aa4f00000,0x0000008aa5000000) (1024K)]

Stack: [0x0000008aa4f00000,0x0000008aa5000000]
Native frames: (J=compiled Java code, j=interpreted, Vv=VM code, C=native code)
V  [jvm.dll+0x6d0639]
V  [jvm.dll+0x85eb03]
V  [jvm.dll+0x86105e]
V  [jvm.dll+0x861743]
V  [jvm.dll+0x27e6e6]
V  [jvm.dll+0x6ccfd5]
V  [jvm.dll+0x6c0a8a]
V  [jvm.dll+0x35537b]
V  [jvm.dll+0x35cfd6]
V  [jvm.dll+0x3aef86]
V  [jvm.dll+0x3af258]
V  [jvm.dll+0x327a2c]
V  [jvm.dll+0x32871b]
V  [jvm.dll+0x826549]
V  [jvm.dll+0x3bc158]
V  [jvm.dll+0x80f7f8]
V  [jvm.dll+0x45035e]
V  [jvm.dll+0x451ac1]
C  [jli.dll+0x52ab]
C  [ucrtbase.dll+0x37b0]
C  [KERNEL32.DLL+0x2e8d7]
C  [ntdll.dll+0x9c5dc]


---------------  P R O C E S S  ---------------

Threads class SMR info:
_java_thread_list=0x00007ffb09e71848, length=0, elements={
}

Java Threads: ( => current thread )
Total: 0

Other Threads:
  0x00000196c13c1fb0 WorkerThread "GC Thread#0"                     [id=3048, stack(0x0000008aa5000000,0x0000008aa5100000) (1024K)]
  0x00000196c13d2ef0 ConcurrentGCThread "G1 Main Marker"            [id=22300, stack(0x0000008aa5100000,0x0000008aa5200000) (1024K)]
  0x00000196c13d5580 WorkerThread "G1 Conc#0"                       [id=34740, stack(0x0000008aa5200000,0x0000008aa5300000) (1024K)]

[error occurred during error reporting (printing all threads), id 0xc0000005, EXCEPTION_ACCESS_VIOLATION (0xc0000005) at pc=0x00007ffb0966aa87]
VM state: not at safepoint (not fully initialized)

VM Mutex/Monitor currently owned by a thread:  ([mutex/lock_event])
[0x00007ffb09ede4a0] Heap_lock - owner thread: 0x00000196beefe680

Heap address: 0x0000000702000000, size: 4064 MB, Compressed Oops mode: Zero based, Oop shift amount: 3

CDS archive(s) mapped at: [0x0000000000000000-0x0000000000000000-0x0000000000000000), size 0, SharedBaseAddress: 0x0000000800000000, ArchiveRelocationMode: 1.
Narrow klass base: 0x0000000000000000, Narrow klass shift: 0, Narrow klass range: 0x0

GC Precious Log:
 CardTable entry size: 512
 Card Set container configuration: InlinePtr #cards 4 size 8 Array Of Cards #cards 16 size 48 Howl #buckets 8 coarsen threshold 3686 Howl Bitmap #cards 512 size 80 coarsen threshold 460 Card regions per heap region 1 cards per card region 4096

Heap:
 garbage-first heap   total 0K, used 0K [0x0000000702000000, 0x0000000800000000)
  region size 2048K, 0 young (0K), 0 survivors (0K)
 Metaspace       used 0K, committed 0K, reserved 0K
  class space    used 0K, committed 0K, reserved 0K

Heap Regions: E=young(eden), S=young(survivor), O=old, HS=humongous(starts), HC=humongous(continues), CS=collection set, F=free, TAMS=top-at-mark-start, PB=parsable bottom

Card table byte_map: [0x00000196d4200000,0x00000196d49f0000] _byte_map_base: 0x00000196d09f0000

Marking Bits: (CMBitMap*) 0x00000196c13c26b0
 Bits: [0x00000196d49f0000, 0x00000196d8970000)

GC Heap History (0 events):
No events

Dll operation events (1 events):
Event: 0.008 Loaded shared library C:\Program Files\Android\Android Studio\jbr\bin\java.dll

Deoptimization events (0 events):
No events

Classes loaded (0 events):
No events

Classes unloaded (0 events):
No events

Classes redefined (0 events):
No events

Internal exceptions (0 events):
No events

ZGC Phase Switch (0 events):
No events

VM Operations (0 events):
No events

Memory protections (0 events):
No events

Nmethod flushes (0 events):
No events

Events (0 events):
No events


Dynamic libraries:
0x00007ff639b80000 - 0x00007ff639b8a000 	C:\Program Files\Android\Android Studio\jbr\bin\java.exe
0x00007ffbbd4e0000 - 0x00007ffbbd746000 	C:\WINDOWS\SYSTEM32\ntdll.dll
0x00007ffbbc460000 - 0x00007ffbbc529000 	C:\WINDOWS\System32\KERNEL32.DLL
0x00007ffbbad60000 - 0x00007ffbbb12c000 	C:\WINDOWS\System32\KERNELBASE.dll
0x00007ffbba740000 - 0x00007ffbba88b000 	C:\WINDOWS\System32\ucrtbase.dll
0x00007ffba8ff0000 - 0x00007ffba900b000 	C:\Program Files\Android\Android Studio\jbr\bin\VCRUNTIME140.dll
0x00007ffb95300000 - 0x00007ffb95318000 	C:\Program Files\Android\Android Studio\jbr\bin\jli.dll
0x00007ffbbc710000 - 0x00007ffbbc8da000 	C:\WINDOWS\System32\USER32.dll
0x00007ffbba710000 - 0x00007ffbba737000 	C:\WINDOWS\System32\win32u.dll
0x00007ffb9d590000 - 0x00007ffb9d82a000 	C:\WINDOWS\WinSxS\amd64_microsoft.windows.common-controls_6595b64144ccf1df_6.0.26100.3912_none_3e07963ce335137e\COMCTL32.dll
0x00007ffbbd3f0000 - 0x00007ffbbd499000 	C:\WINDOWS\System32\msvcrt.dll
0x00007ffbbcb10000 - 0x00007ffbbcb3b000 	C:\WINDOWS\System32\GDI32.dll
0x00007ffbba920000 - 0x00007ffbbaa52000 	C:\WINDOWS\System32\gdi32full.dll
0x00007ffbbb1f0000 - 0x00007ffbbb293000 	C:\WINDOWS\System32\msvcp_win.dll
0x00007ffbbbbd0000 - 0x00007ffbbbc00000 	C:\WINDOWS\System32\IMM32.DLL
0x00007ffbb4320000 - 0x00007ffbb432c000 	C:\Program Files\Android\Android Studio\jbr\bin\vcruntime140_1.dll
0x00007ffb5e300000 - 0x00007ffb5e38d000 	C:\Program Files\Android\Android Studio\jbr\bin\msvcp140.dll
0x00007ffb09330000 - 0x00007ffb09fbb000 	C:\Program Files\Android\Android Studio\jbr\bin\server\jvm.dll
0x00007ffbbb2b0000 - 0x00007ffbbb362000 	C:\WINDOWS\System32\ADVAPI32.dll
0x00007ffbbcb40000 - 0x00007ffbbcbe6000 	C:\WINDOWS\System32\sechost.dll
0x00007ffbbc8f0000 - 0x00007ffbbca06000 	C:\WINDOWS\System32\RPCRT4.dll
0x00007ffbbbb50000 - 0x00007ffbbbbc4000 	C:\WINDOWS\System32\WS2_32.dll
0x00007ffbba240000 - 0x00007ffbba29e000 	C:\WINDOWS\SYSTEM32\POWRPROF.dll
0x00007ffbb4560000 - 0x00007ffbb456b000 	C:\WINDOWS\SYSTEM32\VERSION.dll
0x00007ffbada30000 - 0x00007ffbada66000 	C:\WINDOWS\SYSTEM32\WINMM.dll
0x00007ffbba220000 - 0x00007ffbba234000 	C:\WINDOWS\SYSTEM32\UMPDC.dll
0x00007ffbb9430000 - 0x00007ffbb944a000 	C:\WINDOWS\SYSTEM32\kernel.appcore.dll
0x00007ffbad860000 - 0x00007ffbad86a000 	C:\Program Files\Android\Android Studio\jbr\bin\jimage.dll
0x00007ffbb7da0000 - 0x00007ffbb7fe1000 	C:\WINDOWS\SYSTEM32\DBGHELP.DLL
0x00007ffbbcbf0000 - 0x00007ffbbcf74000 	C:\WINDOWS\System32\combase.dll
0x00007ffbbd2f0000 - 0x00007ffbbd3d0000 	C:\WINDOWS\System32\OLEAUT32.dll
0x00007ffb90850000 - 0x00007ffb90889000 	C:\WINDOWS\SYSTEM32\dbgcore.DLL
0x00007ffbba670000 - 0x00007ffbba709000 	C:\WINDOWS\System32\bcryptPrimitives.dll
0x00007ffba8fa0000 - 0x00007ffba8fc0000 	C:\Program Files\Android\Android Studio\jbr\bin\java.dll

dbghelp: loaded successfully - version: 4.0.5 - missing functions: none
symbol engine: initialized successfully - sym options: 0x614 - pdb path: .;C:\Program Files\Android\Android Studio\jbr\bin;C:\WINDOWS\SYSTEM32;C:\WINDOWS\WinSxS\amd64_microsoft.windows.common-controls_6595b64144ccf1df_6.0.26100.3912_none_3e07963ce335137e;C:\Program Files\Android\Android Studio\jbr\bin\server

VM Arguments:
java_command: org.jetbrains.kotlin.cli.jvm.K2JVMCompiler @D:\NewsApp2\app\build\20251014_6967968400105971954.compiler.options
java_class_path (initial): D:\New folder\caches\modules-2\files-2.1\org.jetbrains.kotlin\kotlin-compiler-embeddable\2.0.21\79346ed53db48b18312a472602eb5c057070c54d\kotlin-compiler-embeddable-2.0.21.jar;D:\New folder\caches\modules-2\files-2.1\org.jetbrains.kotlin\kotlin-stdlib\2.0.21\618b539767b4899b4660a83006e052b63f1db551\kotlin-stdlib-2.0.21.jar;D:\New folder\caches\modules-2\files-2.1\org.jetbrains.kotlin\kotlin-script-runtime\2.0.21\c9b044380ad41f89aa89aa896c2d32a8c0b2129d\kotlin-script-runtime-2.0.21.jar;D:\New folder\caches\modules-2\files-2.1\org.jetbrains.kotlin\kotlin-reflect\1.6.10\1cbe9c92c12a94eea200d23c2bbaedaf3daf5132\kotlin-reflect-1.6.10.jar;D:\New folder\caches\modules-2\files-2.1\org.jetbrains.kotlin\kotlin-daemon-embeddable\2.0.21\c9e933b23287de9b5a17e2116b4657bb91aea72c\kotlin-daemon-embeddable-2.0.21.jar;D:\New folder\caches\modules-2\files-2.1\org.jetbrains.intellij.deps\trove4j\1.0.20200330\3afb14d5f9ceb459d724e907a21145e8ff394f02\trove4j-1.0.20200330.jar;D:\New folder\caches\modules-2\files-2.1\org.jetbrains.kotlinx\kotlinx-coroutines-core-jvm\1.6.4\2c997cd1c0ef33f3e751d3831929aeff1390cb30\kotlinx-coroutines-core-jvm-1.6.4.jar;D:\New folder\caches\modules-2\files-2.1\org.jetbrains\annotations\13.0\919f0dfe192fb4e063e7dacadee7f8bb9a2672a9\annotations-13.0.jar
Launcher Type: SUN_STANDARD

[Global flags]
     intx CICompilerCount                          = 4                                         {product} {ergonomic}
     uint ConcGCThreads                            = 3                                         {product} {ergonomic}
     uint G1ConcRefinementThreads                  = 10                                        {product} {ergonomic}
   size_t G1HeapRegionSize                         = 2097152                                   {product} {ergonomic}
    uintx GCDrainStackTargetSize                   = 64                                        {product} {ergonomic}
   size_t InitialHeapSize                          = 266338304                                 {product} {ergonomic}
   size_t MarkStackSize                            = 4194304                                   {product} {ergonomic}
   size_t MaxHeapSize                              = 4261412864                                {product} {ergonomic}
   size_t MinHeapDeltaBytes                        = 2097152                                   {product} {ergonomic}
   size_t MinHeapSize                              = 8388608                                   {product} {ergonomic}
    uintx NonNMethodCodeHeapSize                   = 5839372                                {pd product} {ergonomic}
    uintx NonProfiledCodeHeapSize                  = 122909434                              {pd product} {ergonomic}
    uintx ProfiledCodeHeapSize                     = 122909434                              {pd product} {ergonomic}
    uintx ReservedCodeCacheSize                    = 251658240                              {pd product} {ergonomic}
     bool SegmentedCodeCache                       = true                                      {product} {ergonomic}
   size_t SoftMaxHeapSize                          = 4261412864                             {manageable} {ergonomic}
     bool UseCompressedOops                        = true                           {product lp64_product} {ergonomic}
     bool UseG1GC                                  = true                                      {product} {ergonomic}
     bool UseLargePagesIndividualAllocation        = false                                  {pd product} {ergonomic}

Logging:
Log output configuration:
 #0: stdout all=warning uptime,level,tags foldmultilines=false
 #1: stderr all=off uptime,level,tags foldmultilines=false

Environment Variables:
PATH=C:\Users\NOUR WALEED\AppData\Local\Programs\Python\Python310;C:\WINDOWS\system32;C:\WINDOWS;C:\WINDOWS\System32\Wbem;C:\WINDOWS\System32\WindowsPowerShell\v1.0\;C:\WINDOWS\System32\OpenSSH\;C:\Program Files (x86)\Google\Cloud SDK\google-cloud-sdk\bin;C:\Program Files\Redis\;C:\Users\NOUR WALEED\AppData\Local\Programs\Python\Python310;C:\scr\flutter\bin;C:\Program Files\Common Files\Oracle\Java\javapath;C:\Program Files (x86)\VMware\VMware Workstation\bin\;C:\Windows\system32;C:\Windows;C:\Windows\System32\Wbem;C:\Windows\System32\WindowsPowerShell\v1.0\;C:\Windows\System32\OpenSSH\;C:\Program Files (x86)\NVIDIA Corporation\PhysX\Common;C:\Program Files\NVIDIA Corporation\NVIDIA NvDLISR;C:\WINDOWS\system32;C:\WINDOWS;C:\WINDOWS\System32\Wbem;C:\WINDOWS\System32\WindowsPowerShell\v1.0\;C:\WINDOWS\System32\OpenSSH\;C:\Program Files\dotnet\;C:\Program Files\Microsoft SQL Server\Client SDK\ODBC\170\Tools\Binn\;C:\Program Files (x86)\Microsoft SQL Server\150\Tools\Binn\;C:\Program Files\Microsoft SQL Server\150\Tools\Binn\;C:\Program Files\Microsoft SQL Server\150\DTS\Binn\;C:\Program Files (x86)\Microsoft SQL Server\150\DTS\Binn\;C:\Program Files\Azure Data Studio\bin;C:\Users\NOUR WALEED\AppData\Local\Microsoft\WindowsApps;C:\Python39\Scripts;C:\Users\NOUR WALEED\AppData\Local\Programs\Microsoft VS Code\bin;C:\Users\NOUR WALEED\AppData\Local\Programs\Python\Python310\Scripts;C:\Users\NOUR WALEED\AppData\Local\Microsoft\WindowsApps;C:\Users\NOUR WALEED\Downloads\dart-sdk\bin;C:\scr\flutter\bin;
USERNAME=NOUR WALEED
OS=Windows_NT
PROCESSOR_IDENTIFIER=AMD64 Family 23 Model 96 Stepping 1, AuthenticAMD
TMP=C:\Users\NOUR WALEED\AppData\Local\Temp
TEMP=C:\Users\NOUR WALEED\AppData\Local\Temp




Periodic native trim disabled

JNI global refs:
JNI global refs: 0, weak refs: 0

JNI global refs memory usage: 0, weak refs: 0

Process memory usage:
Resident Set Size: 12904K (0% of 16643396K total physical memory with 1536860K free physical memory)

OOME stack traces (most recent first):
Classloader memory used:

---------------  S Y S T E M  ---------------

OS:
 Windows 11 , 64 bit Build 26100 (10.0.26100.3912)
OS uptime: 24 days 16:24 hours
Hyper-V role detected

CPU: total 12 (initial active 12) (12 cores per cpu, 2 threads per core) family 23 model 96 stepping 1 microcode 0x8600103, cx8, cmov, fxsr, ht, mmx, 3dnowpref, sse, sse2, sse3, ssse3, sse4a, sse4.1, sse4.2, popcnt, lzcnt, tsc, tscinvbit, avx, avx2, aes, clmul, bmi1, bmi2, adx, sha, fma, vzeroupper, clflush, clflushopt, hv, rdtscp, rdpid, f16c
Processor Information for the first 12 processors :
  Max Mhz: 3000, Current Mhz: 3000, Mhz Limit: 3000

Memory: 4k page, system-wide physical 16253M (1500M free)
TotalPageFile size 33402M (AvailPageFile size 197M)
current process WorkingSet (physical memory assigned to process): 12M, peak: 12M
current process commit charge ("private bytes"): 64M, peak: 318M

vm_info: OpenJDK 64-Bit Server VM (21.0.6+-13391695-b895.109) for windows-amd64 JRE (21.0.6+-13391695-b895.109), built on 2025-04-22T21:19:17Z by "builder" with MS VC++ 16.10 / 16.11 (VS2019)

END.
